C51 COMPILER V9.54   MAIN                                                                  02/01/2023 11:26:02 PAGE 1   


C51 COMPILER V9.54, COMPILATION OF MODULE MAIN
OBJECT MODULE PLACED IN .\Objects\main.obj
COMPILER INVOKED BY: C:\51\keil5\C51\BIN\C51.EXE main.c OPTIMIZE(8,SPEED) BROWSE DEBUG OBJECTEXTEND PRINT(.\Listings\mai
                    -n.lst) OBJECT(.\Objects\main.obj)

line level    source

   1          #include <REGX52.H>
   2          #include "Delay.h"
*** WARNING C315 IN LINE 1 OF Delay.h: unknown #directive 'ifndef_DELAY_H_'
*** WARNING C315 IN LINE 2 OF Delay.h: unknown #directive 'define_DELAY_H_'
*** WARNING C312 IN LINE 6 OF Delay.h: misplaced endif control
   3          #include "keynumber.h"
   4          #include "number.h"
*** WARNING C315 IN LINE 1 OF number.h: unknown #directive 'ifndef_NUMBER_H'
*** WARNING C315 IN LINE 2 OF number.h: unknown #directive 'define_NUMBER_H'
*** WARNING C312 IN LINE 6 OF number.h: misplaced endif control
   5          #include "Buzzer.h"
*** WARNING C315 IN LINE 1 OF Buzzer.h: unknown #directive 'ifndef_Buzzer_H_'
*** WARNING C315 IN LINE 2 OF Buzzer.h: unknown #directive 'define_Buzzer_H_'
*** WARNING C312 IN LINE 6 OF Buzzer.h: misplaced endif control
   6          
   7          sbit Buzzer=P2^5;
   8          
   9          unsigned char key;
  10          
  11          void main()
  12          {       
  13   1              number(1,0);
  14   1              while(1)
  15   1              {
  16   2                      key=keynumber();                
  17   2                      if(key)
  18   2                      {               
  19   3                              Buzzer_Time(100);
  20   3                              number(1,key);
  21   3                      }
  22   2                      
  23   2              }
  24   1      }


MODULE INFORMATION:   STATIC OVERLAYABLE
   CODE SIZE        =     32    ----
   CONSTANT SIZE    =   ----    ----
   XDATA SIZE       =   ----    ----
   PDATA SIZE       =   ----    ----
   DATA SIZE        =      1    ----
   IDATA SIZE       =   ----    ----
   BIT SIZE         =   ----    ----
END OF MODULE INFORMATION.


C51 COMPILATION COMPLETE.  9 WARNING(S),  0 ERROR(S)
