C51 COMPILER V9.54   NUMBER                                                                01/31/2023 18:03:29 PAGE 1   


C51 COMPILER V9.54, COMPILATION OF MODULE NUMBER
OBJECT MODULE PLACED IN .\Objects\number.obj
COMPILER INVOKED BY: C:\51\keil5\C51\BIN\C51.EXE number.c OPTIMIZE(8,SPEED) BROWSE DEBUG OBJECTEXTEND PRINT(.\Listings\n
                    -umber.lst) OBJECT(.\Objects\number.obj)

line level    source

   1          #include <REGX52.H>
   2          #include "Delay.h"
*** WARNING C315 IN LINE 1 OF Delay.h: unknown #directive 'ifndef_DELAY_H_'
*** WARNING C315 IN LINE 2 OF Delay.h: unknown #directive 'define_DELAY_H_'
*** WARNING C312 IN LINE 6 OF Delay.h: misplaced endif control
   3          unsigned char come[]={0x3f,0x06,0x5b,0x4f,0x66,0x6d,0x7d,0x07,0x7f,0x6f};
   4          void number(unsigned char a,unsigned char b)
   5          {       
   6   1                      
   7   1              switch(a)
   8   1              {       case 1 :P2_2=1; P2_3=1; P2_4=1;break;
   9   2                      case 2 :P2_2=0; P2_3=1; P2_4=1;break;
  10   2                      case 3 :P2_2=1; P2_3=0; P2_4=1;break;
  11   2                      case 4 :P2_2=0; P2_3=0; P2_4=1;break;
  12   2                      case 5 :P2_2=1; P2_3=1; P2_4=0;break;
  13   2                  case 6 :P2_2=0; P2_3=1; P2_4=0;break;
  14   2                      case 7 :P2_2=1; P2_3=0; P2_4=0;break;
  15   2                      case 8 :P2_2=0; P2_3=0; P2_4=0;break;
  16   2              }       
  17   1      
  18   1                      P0=come[b];
  19   1      //          Delay(1);
  20   1      //          P0=0x00;
  21   1      
  22   1                 
  23   1      }


MODULE INFORMATION:   STATIC OVERLAYABLE
   CODE SIZE        =     99    ----
   CONSTANT SIZE    =   ----    ----
   XDATA SIZE       =   ----    ----
   PDATA SIZE       =   ----    ----
   DATA SIZE        =     10    ----
   IDATA SIZE       =   ----    ----
   BIT SIZE         =   ----    ----
END OF MODULE INFORMATION.


C51 COMPILATION COMPLETE.  3 WARNING(S),  0 ERROR(S)
