C51 COMPILER V9.54   MAIN                                                                  01/08/2023 15:50:25 PAGE 1   


C51 COMPILER V9.54, COMPILATION OF MODULE MAIN
OBJECT MODULE PLACED IN .\Objects\main.obj
COMPILER INVOKED BY: C:\51\keil5\C51\BIN\C51.EXE main.c OPTIMIZE(8,SPEED) BROWSE DEBUG OBJECTEXTEND PRINT(.\Listings\mai
                    -n.lst) TABS(2) OBJECT(.\Objects\main.obj)

line level    source

   1          #include <REGX52.H>
   2          #include <INTRINS.H>
   3          void Delay500ms()   //@12.000MHz
   4          {
   5   1        unsigned char i, j, k;
   6   1      
   7   1        _nop_();
   8   1        i = 4;
   9   1        j = 205;
  10   1        k = 187;
  11   1        do
  12   1        {
  13   2          do
  14   2          {
  15   3            while (--k);
  16   3          } while (--j);
  17   2        } while (--i);
  18   1      }
  19          
  20          
  21          void main()
  22          { 
  23   1        
  24   1        while(1)
  25   1      {
  26   2        P2=0xfe;//1111 1110
  27   2        Delay500ms();
  28   2        P2=0xfd;//1111 1101
  29   2        Delay500ms();
  30   2        P2=0xfb;//1111 1011
  31   2        Delay500ms();
  32   2        P2=0xf7;//1111 0111
  33   2        Delay500ms();
  34   2        P2=0xef;//1110 1111
  35   2        Delay500ms();
  36   2        P2=0xdf;//1101 1111
  37   2        Delay500ms();
  38   2        P2=0xbf;//1011 1111
  39   2        Delay500ms();
  40   2        P2=0x7f;//0111 1111
  41   2        Delay500ms();
  42   2      }
  43   1          
  44   1                
  45   1      }


MODULE INFORMATION:   STATIC OVERLAYABLE
   CODE SIZE        =     64    ----
   CONSTANT SIZE    =   ----    ----
   XDATA SIZE       =   ----    ----
   PDATA SIZE       =   ----    ----
   DATA SIZE        =   ----    ----
   IDATA SIZE       =   ----    ----
C51 COMPILER V9.54   MAIN                                                                  01/08/2023 15:50:25 PAGE 2   

   BIT SIZE         =   ----    ----
END OF MODULE INFORMATION.


C51 COMPILATION COMPLETE.  0 WARNING(S),  0 ERROR(S)
