C51 COMPILER V9.54   MAIN                                                                  01/11/2023 16:40:18 PAGE 1   


C51 COMPILER V9.54, COMPILATION OF MODULE MAIN
OBJECT MODULE PLACED IN .\Objects\main.obj
COMPILER INVOKED BY: C:\51\keil5\C51\BIN\C51.EXE main.c OPTIMIZE(8,SPEED) BROWSE DEBUG OBJECTEXTEND PRINT(.\Listings\mai
                    -n.lst) OBJECT(.\Objects\main.obj)

line level    source

   1          #include <REGX52.H>
   2          
   3          unsigned char come[]={0x3f,0x06,0x5b,0x4f,0x66,0x6d,0x7d,0x07,0x7f,0x6f};
   4          void number(unsigned char a,unsigned char b)
   5          {       
   6   1                      
   7   1              switch(a)
   8   1              {       case 1 :P2_2=1; P2_3=1; P2_4=1;break;
   9   2                      case 2 :P2_2=0; P2_3=1; P2_4=1;break;
  10   2                      case 3 :P2_2=1; P2_3=0; P2_4=1;break;
  11   2                      case 4 :P2_2=0; P2_3=0; P2_4=1;break;
  12   2                      case 5 :P2_2=1; P2_3=1; P2_4=0;break;
  13   2                  case 6 :P2_2=0; P2_3=1; P2_4=0;break;
  14   2                      case 7 :P2_2=1; P2_3=0; P2_4=0;break;
  15   2                      case 8 :P2_2=0; P2_3=0; P2_4=0;break;
  16   2              }       
  17   1              
  18   1                      P0=come[b];
  19   1              
  20   1      }
  21          void main()
  22          {
  23   1              number(2,9);
  24   1              while(1)
  25   1              {
  26   2                      
  27   2              }
  28   1      }


MODULE INFORMATION:   STATIC OVERLAYABLE
   CODE SIZE        =    108    ----
   CONSTANT SIZE    =   ----    ----
   XDATA SIZE       =   ----    ----
   PDATA SIZE       =   ----    ----
   DATA SIZE        =     10    ----
   IDATA SIZE       =   ----    ----
   BIT SIZE         =   ----    ----
END OF MODULE INFORMATION.


C51 COMPILATION COMPLETE.  0 WARNING(S),  0 ERROR(S)
