C51 COMPILER V9.54   MAIN                                                                  01/08/2023 16:30:57 PAGE 1   


C51 COMPILER V9.54, COMPILATION OF MODULE MAIN
OBJECT MODULE PLACED IN .\Objects\main.obj
COMPILER INVOKED BY: C:\51\keil5\C51\BIN\C51.EXE main.c OPTIMIZE(8,SPEED) BROWSE DEBUG OBJECTEXTEND PRINT(.\Listings\mai
                    -n.lst) TABS(2) OBJECT(.\Objects\main.obj)

line level    source

   1          #include <REGX52.H>
   2          #define time 40
   3          void Delay1ms(unsigned int xms)   //@12.000MHz
   4          {
   5   1        unsigned char i, j;
   6   1         while(xms)
   7   1      {
   8   2        i = 2;
   9   2        j = 239;
  10   2        do
  11   2        {
  12   3          while (--j);
  13   3        } while (--i);
  14   2      
  15   2           xms--;
  16   2         }
  17   1      }
  18          
  19          void main()
  20          {
  21   1        while(1)
  22   1      {
  23   2        P2=0xfe;//1111 1110
  24   2        Delay1ms(time);
  25   2        P2=0xfd;//1111 1101
  26   2        Delay1ms(time);
  27   2        P2=0xfb;//1111 1011
  28   2        Delay1ms(time);
  29   2        P2=0xf7;//1111 0111
  30   2        Delay1ms(time);
  31   2        P2=0xef;//1110 1111
  32   2        Delay1ms(time);
  33   2        P2=0xdf;//1101 1111
  34   2        Delay1ms(time);
  35   2        P2=0xbf;//1011 1111
  36   2        Delay1ms(time);
  37   2        P2=0x7f;//0111 1111
  38   2        Delay1ms(time);
  39   2      }
  40   1        
  41   1      }


MODULE INFORMATION:   STATIC OVERLAYABLE
   CODE SIZE        =     74    ----
   CONSTANT SIZE    =   ----    ----
   XDATA SIZE       =   ----    ----
   PDATA SIZE       =   ----    ----
   DATA SIZE        =   ----    ----
   IDATA SIZE       =   ----    ----
   BIT SIZE         =   ----    ----
END OF MODULE INFORMATION.


C51 COMPILATION COMPLETE.  0 WARNING(S),  0 ERROR(S)
