C51 COMPILER V9.54   MATRIXLED                                                             01/26/2023 16:49:24 PAGE 1   


C51 COMPILER V9.54, COMPILATION OF MODULE MATRIXLED
OBJECT MODULE PLACED IN .\Objects\MatrixLED.obj
COMPILER INVOKED BY: C:\51\keil5\C51\BIN\C51.EXE MatrixLED.c OPTIMIZE(8,SPEED) BROWSE DEBUG OBJECTEXTEND PRINT(.\Listing
                    -s\MatrixLED.lst) OBJECT(.\Objects\MatrixLED.obj)

line level    source

   1          #include <REGX52.H>
   2          #include "Delay.h"
   3          
   4          sbit SER=P3^4;  //SER
   5          sbit SCK=P3^6;  //SERCLK
   6          sbit RCK=P3^5;  //RCLK
   7          
   8          void MatrixLED_Init()   //点阵屏初始化
   9          {
  10   1              SCK=0;
  11   1              RCK=0;
  12   1              
  13   1      }
  14          
  15          void _74h595_Init(unsigned char Byte)
  16          {
  17   1              unsigned char i;
  18   1              for(i=0;i<8;i++)
  19   1              {
  20   2                      SER=Byte&(0x80>>i);
  21   2                      SCK=1;
  22   2                      SCK=0;
  23   2              }
  24   1              
  25   1                      RCK=1;
  26   1                      RCK=0;
  27   1      }
  28          
  29          void MatrixLED_ShowColumn(unsigned char X,Y)  //X表示行，Y表示列
  30          {
  31   1               _74h595_Init(X);  //当给 1 时选中
  32   1              P0=~(0x80>>Y);  //当给 0 时选中，加了取反符号~，向右移时能补零
  33   1              Delay(0);
  34   1              P0=0xFF;
  35   1      }


MODULE INFORMATION:   STATIC OVERLAYABLE
   CODE SIZE        =     82    ----
   CONSTANT SIZE    =   ----    ----
   XDATA SIZE       =   ----    ----
   PDATA SIZE       =   ----    ----
   DATA SIZE        =   ----       2
   IDATA SIZE       =   ----    ----
   BIT SIZE         =   ----    ----
END OF MODULE INFORMATION.


C51 COMPILATION COMPLETE.  0 WARNING(S),  0 ERROR(S)
