C51 COMPILER V9.54   MATRIXKEY                                                             01/14/2023 15:49:46 PAGE 1   


C51 COMPILER V9.54, COMPILATION OF MODULE MATRIXKEY
OBJECT MODULE PLACED IN .\Objects\MatrixKey.obj
COMPILER INVOKED BY: C:\51\keil5\C51\BIN\C51.EXE MatrixKey.c OPTIMIZE(8,SPEED) BROWSE DEBUG OBJECTEXTEND PRINT(.\Listing
                    -s\MatrixKey.lst) OBJECT(.\Objects\MatrixKey.obj)

line level    source

   1          #include <REGX52.H>
   2          #include "Delay.h"
   3          //¾ØÕó¼üÅÌ°´¼ü
   4          unsigned char MatrixKey()
   5          {
   6   1              unsigned char Keynumber=0;
   7   1              P1=0xff;
   8   1              P1_3=0;
   9   1              if(P1_7==0){Delay(20);while(P1_7==0);Delay(20);Keynumber=1;}
  10   1              if(P1_6==0){Delay(20);while(P1_6==0);Delay(20);Keynumber=5;}
  11   1              if(P1_5==0){Delay(20);while(P1_5==0);Delay(20);Keynumber=9;}
  12   1              if(P1_4==0){Delay(20);while(P1_4==0);Delay(20);Keynumber=13;}
  13   1              
  14   1              P1=0xff;
  15   1              P1_2=0;
  16   1              if(P1_7==0){Delay(20);while(P1_7==0);Delay(20);Keynumber=2;}
  17   1              if(P1_6==0){Delay(20);while(P1_6==0);Delay(20);Keynumber=6;}
  18   1              if(P1_5==0){Delay(20);while(P1_5==0);Delay(20);Keynumber=10;}
  19   1              if(P1_4==0){Delay(20);while(P1_4==0);Delay(20);Keynumber=14;}
  20   1              
  21   1              P1=0xff;
  22   1              P1_1=0;
  23   1              if(P1_7==0){Delay(20);while(P1_7==0);Delay(20);Keynumber=3;}
  24   1              if(P1_6==0){Delay(20);while(P1_6==0);Delay(20);Keynumber=7;}
  25   1              if(P1_5==0){Delay(20);while(P1_5==0);Delay(20);Keynumber=11;}
  26   1              if(P1_4==0){Delay(20);while(P1_4==0);Delay(20);Keynumber=15;}
  27   1              
  28   1              P1=0xff;
  29   1              P1_0=0;
  30   1              if(P1_7==0){Delay(20);while(P1_7==0);Delay(20);Keynumber=4;}
  31   1              if(P1_6==0){Delay(20);while(P1_6==0);Delay(20);Keynumber=8;}
  32   1              if(P1_5==0){Delay(20);while(P1_5==0);Delay(20);Keynumber=12;}
  33   1              if(P1_4==0){Delay(20);while(P1_4==0);Delay(20);Keynumber=16;}
  34   1              
  35   1              return Keynumber;
  36   1      }


MODULE INFORMATION:   STATIC OVERLAYABLE
   CODE SIZE        =    330    ----
   CONSTANT SIZE    =   ----    ----
   XDATA SIZE       =   ----    ----
   PDATA SIZE       =   ----    ----
   DATA SIZE        =   ----       1
   IDATA SIZE       =   ----    ----
   BIT SIZE         =   ----    ----
END OF MODULE INFORMATION.


C51 COMPILATION COMPLETE.  0 WARNING(S),  0 ERROR(S)
