C51 COMPILER V9.54   DELAY                                                                 01/17/2023 15:57:59 PAGE 1   


C51 COMPILER V9.54, COMPILATION OF MODULE DELAY
OBJECT MODULE PLACED IN .\Objects\Delay.obj
COMPILER INVOKED BY: C:\51\keil5\C51\BIN\C51.EXE Delay.c OPTIMIZE(8,SPEED) BROWSE DEBUG OBJECTEXTEND PRINT(.\Listings\De
                    -lay.lst) OBJECT(.\Objects\Delay.obj)

line level    source

   1          #include <REGX52.H>
   2          
   3          void Delay(unsigned char xms)           
   4          {
   5   1              while(xms--)
   6   1              {       
   7   2                      unsigned char i, j;
   8   2      
   9   2              i = 2;
  10   2              j = 239;
  11   2              do
  12   2              {
  13   3                      while (--j);
  14   3              } while (--i);
  15   2              }
  16   1              
  17   1      }


MODULE INFORMATION:   STATIC OVERLAYABLE
   CODE SIZE        =     21    ----
   CONSTANT SIZE    =   ----    ----
   XDATA SIZE       =   ----    ----
   PDATA SIZE       =   ----    ----
   DATA SIZE        =   ----       2
   IDATA SIZE       =   ----    ----
   BIT SIZE         =   ----    ----
END OF MODULE INFORMATION.


C51 COMPILATION COMPLETE.  0 WARNING(S),  0 ERROR(S)
