C51 COMPILER V9.54   MAIN                                                                  01/17/2023 16:33:10 PAGE 1   


C51 COMPILER V9.54, COMPILATION OF MODULE MAIN
OBJECT MODULE PLACED IN .\Objects\main.obj
COMPILER INVOKED BY: C:\51\keil5\C51\BIN\C51.EXE main.c OPTIMIZE(8,SPEED) BROWSE DEBUG OBJECTEXTEND PRINT(.\Listings\mai
                    -n.lst) OBJECT(.\Objects\main.obj)

line level    source

   1          #include <REGX52.H>
   2          #include "Timer0.h" 
*** WARNING C318 IN LINE 2 OF main.c: can't open file 'Timer0.h'
   3          #include "keynumber.h"
   4          #include <INTRINS.H>    
   5          
   6          unsigned char key ,LEDmode;
   7          void main()
   8          {               
   9   1              P2=0xfe;
  10   1              Timer0Init();   
*** WARNING C206 IN LINE 10 OF main.c: 'Timer0Init': missing function-prototype
  11   1              while(1)
  12   1              {
  13   2                      key=keynumber();
  14   2                      if(key)
  15   2                      {
  16   3                              if(key==1)
  17   3                              {
  18   4                                      LEDmode++;
  19   4                                      if(LEDmode>=2)
  20   4                                              LEDmode=0;
  21   4                              }                                               
  22   3                      }
  23   2              }
  24   1      }
  25          
  26          
  27          void Timer0_Rontine() interrupt 1
  28          { 
  29   1              static unsigned int T0count;
  30   1              TH0=65535/256;
  31   1              TL0=65535%256;
  32   1              T0count++;
  33   1              if(T0count>=1000)
  34   1              {
  35   2              
  36   2                      T0count=0;
  37   2                      if(LEDmode==0){P2=_crol_(P2,1);}
  38   2                      if(LEDmode==1){P2=_cror_(P2,1);}
  39   2                      
  40   2              }       
  41   1                      
  42   1      }


MODULE INFORMATION:   STATIC OVERLAYABLE
   CODE SIZE        =    116    ----
   CONSTANT SIZE    =   ----    ----
   XDATA SIZE       =   ----    ----
   PDATA SIZE       =   ----    ----
   DATA SIZE        =      4    ----
   IDATA SIZE       =   ----    ----
   BIT SIZE         =   ----    ----
C51 COMPILER V9.54   MAIN                                                                  01/17/2023 16:33:10 PAGE 2   

END OF MODULE INFORMATION.


C51 COMPILATION COMPLETE.  2 WARNING(S),  0 ERROR(S)
